<?xml version="1.0" encoding="utf-8"?>
<CoverageSession>
  <Summary numSequencePoints="60" visitedSequencePoints="35" numBranchPoints="8" visitedBranchPoints="8" sequenceCoverage="58.33" branchCoverage="100" maxCyclomaticComplexity="25" minCyclomaticComplexity="25" visitedClasses="2" numClasses="5" visitedMethods="6" numMethods="18" />
  <Modules>
    <Module hash="6576523D-2BA3-4E13-BE50-A20981C9C639">
      <ModulePath>TripServiceKata.dll</ModulePath>
      <ModuleTime>2019-11-05T10:31:21</ModuleTime>
      <ModuleName>TripServiceKata</ModuleName>
      <Files>
        <File uid="1" fullPath="C:\Users\Voxel\source\repos\TripServiceKata\TripServiceKata\User\User.cs" />
        <File uid="2" fullPath="C:\Users\Voxel\source\repos\TripServiceKata\TripServiceKata\User\UserSession.cs" />
        <File uid="3" fullPath="C:\Users\Voxel\source\repos\TripServiceKata\TripServiceKata\Trip\TripDAO.cs" />
        <File uid="4" fullPath="C:\Users\Voxel\source\repos\TripServiceKata\TripServiceKata\Trip\TripService.cs" />
        <File uid="5" fullPath="C:\Users\Voxel\source\repos\TripServiceKata\TripServiceKata\Exception\DependendClassCallDuringUnitTestException.cs" />
      </Files>
      <Classes>
        <Class>
          <Summary numSequencePoints="14" visitedSequencePoints="14" numBranchPoints="0" visitedBranchPoints="0" sequenceCoverage="100" branchCoverage="100" maxCyclomaticComplexity="1" minCyclomaticComplexity="1" visitedClasses="1" numClasses="1" visitedMethods="5" numMethods="5" />
          <FullName>TripServiceKata.User.User</FullName>
          <Methods>
            <Method cyclomaticComplexity="1" nPathComplexity="0" sequenceCoverage="100" branchCoverage="100" isConstructor="False" isGetter="False" isSetter="False" isStatic="True">
              <Summary numSequencePoints="3" visitedSequencePoints="3" numBranchPoints="0" visitedBranchPoints="0" sequenceCoverage="100" branchCoverage="100" maxCyclomaticComplexity="1" minCyclomaticComplexity="1" visitedClasses="0" numClasses="0" visitedMethods="1" numMethods="1" />
              <MetadataToken />
              <Name>System.Collections.Generic.List`1&lt;TripServiceKata.User.User&gt; TripServiceKata.User.User::GetFriends()</Name>
              <FileRef uid="1" />
              <SequencePoints>
                <SequencePoint vc="4" uspid="11" ordinal="0" sl="11" sc="1" el="11" ec="2" bec="0" bev="0" fileid="1" />
                <SequencePoint vc="4" uspid="12" ordinal="1" sl="12" sc="1" el="12" ec="2" bec="0" bev="0" fileid="1" />
                <SequencePoint vc="4" uspid="13" ordinal="2" sl="13" sc="1" el="13" ec="2" bec="0" bev="0" fileid="1" />
              </SequencePoints>
              <BranchPoints />
              <MethodPoint vc="3" uspid="0" p8:type="SequencePoint" ordinal="0" offset="0" sc="0" sl="11" ec="1" el="13" bec="0" bev="0" fileid="1" xmlns:p8="xsi" />
            </Method>
            <Method cyclomaticComplexity="1" nPathComplexity="0" sequenceCoverage="100" branchCoverage="100" isConstructor="False" isGetter="False" isSetter="False" isStatic="True">
              <Summary numSequencePoints="3" visitedSequencePoints="3" numBranchPoints="0" visitedBranchPoints="0" sequenceCoverage="100" branchCoverage="100" maxCyclomaticComplexity="1" minCyclomaticComplexity="1" visitedClasses="0" numClasses="0" visitedMethods="1" numMethods="1" />
              <MetadataToken />
              <Name>System.Void TripServiceKata.User.User::AddFriend(TripServiceKata.User.User)</Name>
              <FileRef uid="1" />
              <SequencePoints>
                <SequencePoint vc="3" uspid="16" ordinal="0" sl="16" sc="1" el="16" ec="2" bec="0" bev="0" fileid="1" />
                <SequencePoint vc="3" uspid="17" ordinal="1" sl="17" sc="1" el="17" ec="2" bec="0" bev="0" fileid="1" />
                <SequencePoint vc="3" uspid="18" ordinal="2" sl="18" sc="1" el="18" ec="2" bec="0" bev="0" fileid="1" />
              </SequencePoints>
              <BranchPoints />
              <MethodPoint vc="3" uspid="0" p8:type="SequencePoint" ordinal="1" offset="1" sc="0" sl="16" ec="1" el="18" bec="0" bev="0" fileid="1" xmlns:p8="xsi" />
            </Method>
            <Method cyclomaticComplexity="1" nPathComplexity="0" sequenceCoverage="100" branchCoverage="100" isConstructor="False" isGetter="False" isSetter="False" isStatic="True">
              <Summary numSequencePoints="3" visitedSequencePoints="3" numBranchPoints="0" visitedBranchPoints="0" sequenceCoverage="100" branchCoverage="100" maxCyclomaticComplexity="1" minCyclomaticComplexity="1" visitedClasses="0" numClasses="0" visitedMethods="1" numMethods="1" />
              <MetadataToken />
              <Name>System.Void TripServiceKata.User.User::AddTrip(TripServiceKata.Trip.Trip)</Name>
              <FileRef uid="1" />
              <SequencePoints>
                <SequencePoint vc="1" uspid="21" ordinal="0" sl="21" sc="1" el="21" ec="2" bec="0" bev="0" fileid="1" />
                <SequencePoint vc="1" uspid="22" ordinal="1" sl="22" sc="1" el="22" ec="2" bec="0" bev="0" fileid="1" />
                <SequencePoint vc="1" uspid="23" ordinal="2" sl="23" sc="1" el="23" ec="2" bec="0" bev="0" fileid="1" />
              </SequencePoints>
              <BranchPoints />
              <MethodPoint vc="3" uspid="0" p8:type="SequencePoint" ordinal="2" offset="2" sc="0" sl="21" ec="1" el="23" bec="0" bev="0" fileid="1" xmlns:p8="xsi" />
            </Method>
            <Method cyclomaticComplexity="1" nPathComplexity="0" sequenceCoverage="100" branchCoverage="100" isConstructor="False" isGetter="False" isSetter="False" isStatic="True">
              <Summary numSequencePoints="3" visitedSequencePoints="3" numBranchPoints="0" visitedBranchPoints="0" sequenceCoverage="100" branchCoverage="100" maxCyclomaticComplexity="1" minCyclomaticComplexity="1" visitedClasses="0" numClasses="0" visitedMethods="1" numMethods="1" />
              <MetadataToken />
              <Name>System.Collections.Generic.List`1&lt;TripServiceKata.Trip.Trip&gt; TripServiceKata.User.User::Trips()</Name>
              <FileRef uid="1" />
              <SequencePoints>
                <SequencePoint vc="2" uspid="26" ordinal="0" sl="26" sc="1" el="26" ec="2" bec="0" bev="0" fileid="1" />
                <SequencePoint vc="2" uspid="27" ordinal="1" sl="27" sc="1" el="27" ec="2" bec="0" bev="0" fileid="1" />
                <SequencePoint vc="2" uspid="28" ordinal="2" sl="28" sc="1" el="28" ec="2" bec="0" bev="0" fileid="1" />
              </SequencePoints>
              <BranchPoints />
              <MethodPoint vc="3" uspid="0" p8:type="SequencePoint" ordinal="3" offset="3" sc="0" sl="26" ec="1" el="28" bec="0" bev="0" fileid="1" xmlns:p8="xsi" />
            </Method>
            <Method cyclomaticComplexity="1" nPathComplexity="0" sequenceCoverage="100" branchCoverage="100" isConstructor="True" isGetter="False" isSetter="False" isStatic="True">
              <Summary numSequencePoints="2" visitedSequencePoints="2" numBranchPoints="0" visitedBranchPoints="0" sequenceCoverage="100" branchCoverage="100" maxCyclomaticComplexity="1" minCyclomaticComplexity="1" visitedClasses="0" numClasses="0" visitedMethods="1" numMethods="1" />
              <MetadataToken />
              <Name>System.Void TripServiceKata.User.User::.ctor()</Name>
              <FileRef uid="1" />
              <SequencePoints>
                <SequencePoint vc="9" uspid="7" ordinal="0" sl="7" sc="1" el="7" ec="2" bec="0" bev="0" fileid="1" />
                <SequencePoint vc="9" uspid="8" ordinal="1" sl="8" sc="1" el="8" ec="2" bec="0" bev="0" fileid="1" />
              </SequencePoints>
              <BranchPoints />
              <MethodPoint vc="2" uspid="0" p8:type="SequencePoint" ordinal="4" offset="4" sc="0" sl="7" ec="1" el="8" bec="0" bev="0" fileid="1" xmlns:p8="xsi" />
            </Method>
          </Methods>
        </Class>
        <Class>
          <Summary numSequencePoints="11" visitedSequencePoints="0" numBranchPoints="0" visitedBranchPoints="0" sequenceCoverage="0" branchCoverage="100" maxCyclomaticComplexity="1" minCyclomaticComplexity="1" visitedClasses="0" numClasses="1" visitedMethods="0" numMethods="5" />
          <FullName>TripServiceKata.User.UserSession</FullName>
          <Methods>
            <Method cyclomaticComplexity="1" nPathComplexity="0" sequenceCoverage="0" branchCoverage="100" isConstructor="False" isGetter="False" isSetter="False" isStatic="True">
              <Summary numSequencePoints="3" visitedSequencePoints="0" numBranchPoints="0" visitedBranchPoints="0" sequenceCoverage="0" branchCoverage="100" maxCyclomaticComplexity="1" minCyclomaticComplexity="1" visitedClasses="0" numClasses="0" visitedMethods="0" numMethods="1" />
              <MetadataToken />
              <Name>TripServiceKata.User.UserSession TripServiceKata.User.UserSession::GetInstance()</Name>
              <FileRef uid="2" />
              <SequencePoints>
                <SequencePoint vc="0" uspid="12" ordinal="0" sl="12" sc="1" el="12" ec="2" bec="0" bev="0" fileid="2" />
                <SequencePoint vc="0" uspid="13" ordinal="1" sl="13" sc="1" el="13" ec="2" bec="0" bev="0" fileid="2" />
                <SequencePoint vc="0" uspid="14" ordinal="2" sl="14" sc="1" el="14" ec="2" bec="0" bev="0" fileid="2" />
              </SequencePoints>
              <BranchPoints />
              <MethodPoint vc="0" uspid="0" p8:type="SequencePoint" ordinal="0" offset="0" sc="0" sl="12" ec="1" el="14" bec="0" bev="0" fileid="2" xmlns:p8="xsi" />
            </Method>
            <Method cyclomaticComplexity="1" nPathComplexity="0" sequenceCoverage="0" branchCoverage="100" isConstructor="False" isGetter="False" isSetter="False" isStatic="True">
              <Summary numSequencePoints="3" visitedSequencePoints="0" numBranchPoints="0" visitedBranchPoints="0" sequenceCoverage="0" branchCoverage="100" maxCyclomaticComplexity="1" minCyclomaticComplexity="1" visitedClasses="0" numClasses="0" visitedMethods="0" numMethods="1" />
              <MetadataToken />
              <Name>System.Boolean TripServiceKata.User.UserSession::IsUserLoggedIn(TripServiceKata.User.User)</Name>
              <FileRef uid="2" />
              <SequencePoints>
                <SequencePoint vc="0" uspid="17" ordinal="0" sl="17" sc="1" el="17" ec="2" bec="0" bev="0" fileid="2" />
                <SequencePoint vc="0" uspid="18" ordinal="1" sl="18" sc="1" el="18" ec="2" bec="0" bev="0" fileid="2" />
                <SequencePoint vc="0" uspid="19" ordinal="2" sl="19" sc="1" el="19" ec="2" bec="0" bev="0" fileid="2" />
              </SequencePoints>
              <BranchPoints />
              <MethodPoint vc="0" uspid="0" p8:type="SequencePoint" ordinal="1" offset="1" sc="0" sl="17" ec="1" el="19" bec="0" bev="0" fileid="2" xmlns:p8="xsi" />
            </Method>
            <Method cyclomaticComplexity="1" nPathComplexity="0" sequenceCoverage="0" branchCoverage="100" isConstructor="False" isGetter="False" isSetter="False" isStatic="True">
              <Summary numSequencePoints="3" visitedSequencePoints="0" numBranchPoints="0" visitedBranchPoints="0" sequenceCoverage="0" branchCoverage="100" maxCyclomaticComplexity="1" minCyclomaticComplexity="1" visitedClasses="0" numClasses="0" visitedMethods="0" numMethods="1" />
              <MetadataToken />
              <Name>TripServiceKata.User.User TripServiceKata.User.UserSession::GetLoggedUser()</Name>
              <FileRef uid="2" />
              <SequencePoints>
                <SequencePoint vc="0" uspid="23" ordinal="0" sl="23" sc="1" el="23" ec="2" bec="0" bev="0" fileid="2" />
                <SequencePoint vc="0" uspid="24" ordinal="1" sl="24" sc="1" el="24" ec="2" bec="0" bev="0" fileid="2" />
                <SequencePoint vc="0" uspid="25" ordinal="2" sl="25" sc="1" el="25" ec="2" bec="0" bev="0" fileid="2" />
              </SequencePoints>
              <BranchPoints />
              <MethodPoint vc="0" uspid="0" p8:type="SequencePoint" ordinal="2" offset="2" sc="0" sl="23" ec="1" el="25" bec="0" bev="0" fileid="2" xmlns:p8="xsi" />
            </Method>
            <Method cyclomaticComplexity="1" nPathComplexity="0" sequenceCoverage="0" branchCoverage="100" isConstructor="True" isGetter="False" isSetter="False" isStatic="True">
              <Summary numSequencePoints="1" visitedSequencePoints="0" numBranchPoints="0" visitedBranchPoints="0" sequenceCoverage="0" branchCoverage="100" maxCyclomaticComplexity="1" minCyclomaticComplexity="1" visitedClasses="0" numClasses="0" visitedMethods="0" numMethods="1" />
              <MetadataToken />
              <Name>System.Void TripServiceKata.User.UserSession::.ctor()</Name>
              <FileRef uid="2" />
              <SequencePoints>
                <SequencePoint vc="0" uspid="9" ordinal="0" sl="9" sc="1" el="9" ec="2" bec="0" bev="0" fileid="2" />
              </SequencePoints>
              <BranchPoints />
              <MethodPoint vc="0" uspid="0" p8:type="SequencePoint" ordinal="3" offset="3" sc="0" sl="9" ec="1" el="9" bec="0" bev="0" fileid="2" xmlns:p8="xsi" />
            </Method>
            <Method cyclomaticComplexity="1" nPathComplexity="0" sequenceCoverage="0" branchCoverage="100" isConstructor="True" isGetter="False" isSetter="False" isStatic="True">
              <Summary numSequencePoints="1" visitedSequencePoints="0" numBranchPoints="0" visitedBranchPoints="0" sequenceCoverage="0" branchCoverage="100" maxCyclomaticComplexity="1" minCyclomaticComplexity="1" visitedClasses="0" numClasses="0" visitedMethods="0" numMethods="1" />
              <MetadataToken />
              <Name>System.Void TripServiceKata.User.UserSession::.cctor()</Name>
              <FileRef uid="2" />
              <SequencePoints>
                <SequencePoint vc="0" uspid="7" ordinal="0" sl="7" sc="1" el="7" ec="2" bec="0" bev="0" fileid="2" />
              </SequencePoints>
              <BranchPoints />
              <MethodPoint vc="0" uspid="0" p8:type="SequencePoint" ordinal="4" offset="4" sc="0" sl="7" ec="1" el="7" bec="0" bev="0" fileid="2" xmlns:p8="xsi" />
            </Method>
          </Methods>
        </Class>
        <Class>
          <Summary numSequencePoints="3" visitedSequencePoints="0" numBranchPoints="0" visitedBranchPoints="0" sequenceCoverage="0" branchCoverage="100" maxCyclomaticComplexity="1" minCyclomaticComplexity="1" visitedClasses="0" numClasses="1" visitedMethods="0" numMethods="1" />
          <FullName>TripServiceKata.Trip.TripDAO</FullName>
          <Methods>
            <Method cyclomaticComplexity="1" nPathComplexity="0" sequenceCoverage="0" branchCoverage="100" isConstructor="False" isGetter="False" isSetter="False" isStatic="True">
              <Summary numSequencePoints="3" visitedSequencePoints="0" numBranchPoints="0" visitedBranchPoints="0" sequenceCoverage="0" branchCoverage="100" maxCyclomaticComplexity="1" minCyclomaticComplexity="1" visitedClasses="0" numClasses="0" visitedMethods="0" numMethods="1" />
              <MetadataToken />
              <Name>System.Collections.Generic.List`1&lt;TripServiceKata.Trip.Trip&gt; TripServiceKata.Trip.TripDAO::FindTripsByUser(TripServiceKata.User.User)</Name>
              <FileRef uid="3" />
              <SequencePoints>
                <SequencePoint vc="0" uspid="9" ordinal="0" sl="9" sc="1" el="9" ec="2" bec="0" bev="0" fileid="3" />
                <SequencePoint vc="0" uspid="10" ordinal="1" sl="10" sc="1" el="10" ec="2" bec="0" bev="0" fileid="3" />
                <SequencePoint vc="0" uspid="11" ordinal="2" sl="11" sc="1" el="11" ec="2" bec="0" bev="0" fileid="3" />
              </SequencePoints>
              <BranchPoints />
              <MethodPoint vc="0" uspid="0" p8:type="SequencePoint" ordinal="0" offset="0" sc="0" sl="9" ec="1" el="11" bec="0" bev="0" fileid="3" xmlns:p8="xsi" />
            </Method>
          </Methods>
        </Class>
        <Class>
          <Summary numSequencePoints="28" visitedSequencePoints="21" numBranchPoints="8" visitedBranchPoints="8" sequenceCoverage="75" branchCoverage="100" maxCyclomaticComplexity="8" minCyclomaticComplexity="1" visitedClasses="1" numClasses="1" visitedMethods="1" numMethods="3" />
          <FullName>TripServiceKata.Trip.TripService</FullName>
          <Methods>
            <Method cyclomaticComplexity="8" nPathComplexity="0" sequenceCoverage="100" branchCoverage="100" isConstructor="False" isGetter="False" isSetter="False" isStatic="True">
              <Summary numSequencePoints="21" visitedSequencePoints="21" numBranchPoints="8" visitedBranchPoints="8" sequenceCoverage="100" branchCoverage="100" maxCyclomaticComplexity="8" minCyclomaticComplexity="8" visitedClasses="0" numClasses="0" visitedMethods="1" numMethods="1" />
              <MetadataToken />
              <Name>System.Collections.Generic.List`1&lt;TripServiceKata.Trip.Trip&gt; TripServiceKata.Trip.TripService::GetTripsByUser(TripServiceKata.User.User)</Name>
              <FileRef uid="4" />
              <SequencePoints>
                <SequencePoint vc="5" uspid="10" ordinal="0" sl="10" sc="1" el="10" ec="2" bec="0" bev="0" fileid="4" />
                <SequencePoint vc="5" uspid="11" ordinal="1" sl="11" sc="1" el="11" ec="2" bec="0" bev="0" fileid="4" />
                <SequencePoint vc="5" uspid="12" ordinal="2" sl="12" sc="1" el="12" ec="2" bec="0" bev="0" fileid="4" />
                <SequencePoint vc="5" uspid="13" ordinal="3" sl="13" sc="1" el="13" ec="2" bec="0" bev="0" fileid="4" />
                <SequencePoint vc="5" uspid="14" ordinal="4" sl="14" sc="1" el="14" ec="2" bec="0" bev="0" fileid="4" />
                <SequencePoint vc="4" uspid="15" ordinal="5" sl="15" sc="1" el="15" ec="2" bec="0" bev="0" fileid="4" />
                <SequencePoint vc="16" uspid="16" ordinal="6" sl="16" sc="1" el="16" ec="2" bec="0" bev="0" fileid="4" />
                <SequencePoint vc="3" uspid="17" ordinal="7" sl="17" sc="1" el="17" ec="2" bec="0" bev="0" fileid="4" />
                <SequencePoint vc="3" uspid="18" ordinal="8" sl="18" sc="1" el="18" ec="2" bec="0" bev="0" fileid="4" />
                <SequencePoint vc="2" uspid="19" ordinal="9" sl="19" sc="1" el="19" ec="2" bec="0" bev="0" fileid="4" />
                <SequencePoint vc="2" uspid="20" ordinal="10" sl="20" sc="1" el="20" ec="2" bec="0" bev="0" fileid="4" />
                <SequencePoint vc="2" uspid="21" ordinal="11" sl="21" sc="1" el="21" ec="2" bec="0" bev="0" fileid="4" />
                <SequencePoint vc="1" uspid="23" ordinal="12" sl="23" sc="1" el="23" ec="2" bec="0" bev="0" fileid="4" />
                <SequencePoint vc="4" uspid="24" ordinal="13" sl="24" sc="1" el="24" ec="2" bec="0" bev="0" fileid="4" />
                <SequencePoint vc="2" uspid="25" ordinal="14" sl="25" sc="1" el="25" ec="2" bec="0" bev="0" fileid="4" />
                <SequencePoint vc="2" uspid="26" ordinal="15" sl="26" sc="1" el="26" ec="2" bec="0" bev="0" fileid="4" />
                <SequencePoint vc="2" uspid="27" ordinal="16" sl="27" sc="1" el="27" ec="2" bec="0" bev="0" fileid="4" />
                <SequencePoint vc="4" uspid="28" ordinal="17" sl="28" sc="1" el="28" ec="2" bec="0" bev="0" fileid="4" />
                <SequencePoint vc="1" uspid="31" ordinal="18" sl="31" sc="1" el="31" ec="2" bec="0" bev="0" fileid="4" />
                <SequencePoint vc="1" uspid="32" ordinal="19" sl="32" sc="1" el="32" ec="2" bec="0" bev="0" fileid="4" />
                <SequencePoint vc="4" uspid="34" ordinal="20" sl="34" sc="1" el="34" ec="2" bec="0" bev="0" fileid="4" />
              </SequencePoints>
              <BranchPoints>
                <BranchPoint vc="4" uspid="14" ordinal="0" path="0" offset="22" offsetend="24" sl="14" fileid="4" />
                <BranchPoint vc="3" uspid="16" ordinal="5" path="1" offset="78" offsetend="41" sl="16" fileid="4" />
                <BranchPoint vc="2" uspid="18" ordinal="2" path="0" offset="63" offsetend="65" sl="18" fileid="4" />
                <BranchPoint vc="1" uspid="18" ordinal="3" path="1" offset="63" offsetend="70" sl="18" fileid="4" />
                <BranchPoint vc="4" uspid="16" ordinal="4" path="0" offset="78" offsetend="80" sl="16" fileid="4" />
                <BranchPoint vc="2" uspid="24" ordinal="6" path="0" offset="102" offsetend="104" sl="24" fileid="4" />
                <BranchPoint vc="4" uspid="24" ordinal="7" path="1" offset="102" offsetend="114" sl="24" fileid="4" />
                <BranchPoint vc="1" uspid="14" ordinal="1" path="1" offset="22" offsetend="119" sl="14" fileid="4" />
              </BranchPoints>
              <MethodPoint vc="21" uspid="0" p8:type="SequencePoint" ordinal="0" offset="0" sc="0" sl="10" ec="1" el="34" bec="0" bev="0" fileid="4" xmlns:p8="xsi" />
            </Method>
            <Method cyclomaticComplexity="1" nPathComplexity="0" sequenceCoverage="0" branchCoverage="100" isConstructor="False" isGetter="False" isSetter="False" isStatic="True">
              <Summary numSequencePoints="3" visitedSequencePoints="0" numBranchPoints="0" visitedBranchPoints="0" sequenceCoverage="0" branchCoverage="100" maxCyclomaticComplexity="1" minCyclomaticComplexity="1" visitedClasses="0" numClasses="0" visitedMethods="0" numMethods="1" />
              <MetadataToken />
              <Name>System.Collections.Generic.List`1&lt;TripServiceKata.Trip.Trip&gt; TripServiceKata.Trip.TripService::FindTripsByUser(TripServiceKata.User.User)</Name>
              <FileRef uid="4" />
              <SequencePoints>
                <SequencePoint vc="0" uspid="37" ordinal="0" sl="37" sc="1" el="37" ec="2" bec="0" bev="0" fileid="4" />
                <SequencePoint vc="0" uspid="38" ordinal="1" sl="38" sc="1" el="38" ec="2" bec="0" bev="0" fileid="4" />
                <SequencePoint vc="0" uspid="39" ordinal="2" sl="39" sc="1" el="39" ec="2" bec="0" bev="0" fileid="4" />
              </SequencePoints>
              <BranchPoints />
              <MethodPoint vc="0" uspid="0" p8:type="SequencePoint" ordinal="1" offset="1" sc="0" sl="37" ec="1" el="39" bec="0" bev="0" fileid="4" xmlns:p8="xsi" />
            </Method>
            <Method cyclomaticComplexity="1" nPathComplexity="0" sequenceCoverage="0" branchCoverage="100" isConstructor="False" isGetter="False" isSetter="False" isStatic="True">
              <Summary numSequencePoints="4" visitedSequencePoints="0" numBranchPoints="0" visitedBranchPoints="0" sequenceCoverage="0" branchCoverage="100" maxCyclomaticComplexity="1" minCyclomaticComplexity="1" visitedClasses="0" numClasses="0" visitedMethods="0" numMethods="1" />
              <MetadataToken />
              <Name>TripServiceKata.User.User TripServiceKata.Trip.TripService::GetLoggedUser()</Name>
              <FileRef uid="4" />
              <SequencePoints>
                <SequencePoint vc="0" uspid="42" ordinal="0" sl="42" sc="1" el="42" ec="2" bec="0" bev="0" fileid="4" />
                <SequencePoint vc="0" uspid="43" ordinal="1" sl="43" sc="1" el="43" ec="2" bec="0" bev="0" fileid="4" />
                <SequencePoint vc="0" uspid="44" ordinal="2" sl="44" sc="1" el="44" ec="2" bec="0" bev="0" fileid="4" />
                <SequencePoint vc="0" uspid="45" ordinal="3" sl="45" sc="1" el="45" ec="2" bec="0" bev="0" fileid="4" />
              </SequencePoints>
              <BranchPoints />
              <MethodPoint vc="0" uspid="0" p8:type="SequencePoint" ordinal="2" offset="2" sc="0" sl="42" ec="1" el="45" bec="0" bev="0" fileid="4" xmlns:p8="xsi" />
            </Method>
          </Methods>
        </Class>
        <Class>
          <Summary numSequencePoints="4" visitedSequencePoints="0" numBranchPoints="0" visitedBranchPoints="0" sequenceCoverage="0" branchCoverage="100" maxCyclomaticComplexity="1" minCyclomaticComplexity="1" visitedClasses="0" numClasses="1" visitedMethods="0" numMethods="4" />
          <FullName>TripServiceKata.Exception.DependendClassCallDuringUnitTestException</FullName>
          <Methods>
            <Method cyclomaticComplexity="1" nPathComplexity="0" sequenceCoverage="0" branchCoverage="100" isConstructor="True" isGetter="False" isSetter="False" isStatic="True">
              <Summary numSequencePoints="1" visitedSequencePoints="0" numBranchPoints="0" visitedBranchPoints="0" sequenceCoverage="0" branchCoverage="100" maxCyclomaticComplexity="1" minCyclomaticComplexity="1" visitedClasses="0" numClasses="0" visitedMethods="0" numMethods="1" />
              <MetadataToken />
              <Name>System.Void TripServiceKata.Exception.DependendClassCallDuringUnitTestException::.ctor()</Name>
              <FileRef uid="5" />
              <SequencePoints>
                <SequencePoint vc="0" uspid="9" ordinal="0" sl="9" sc="1" el="9" ec="2" bec="0" bev="0" fileid="5" />
              </SequencePoints>
              <BranchPoints />
              <MethodPoint vc="0" uspid="0" p8:type="SequencePoint" ordinal="0" offset="0" sc="0" sl="9" ec="1" el="9" bec="0" bev="0" fileid="5" xmlns:p8="xsi" />
            </Method>
            <Method cyclomaticComplexity="1" nPathComplexity="0" sequenceCoverage="0" branchCoverage="100" isConstructor="True" isGetter="False" isSetter="False" isStatic="True">
              <Summary numSequencePoints="1" visitedSequencePoints="0" numBranchPoints="0" visitedBranchPoints="0" sequenceCoverage="0" branchCoverage="100" maxCyclomaticComplexity="1" minCyclomaticComplexity="1" visitedClasses="0" numClasses="0" visitedMethods="0" numMethods="1" />
              <MetadataToken />
              <Name>System.Void TripServiceKata.Exception.DependendClassCallDuringUnitTestException::.ctor(System.String,System.Exception)</Name>
              <FileRef uid="5" />
              <SequencePoints>
                <SequencePoint vc="0" uspid="11" ordinal="0" sl="11" sc="1" el="11" ec="2" bec="0" bev="0" fileid="5" />
              </SequencePoints>
              <BranchPoints />
              <MethodPoint vc="0" uspid="0" p8:type="SequencePoint" ordinal="1" offset="1" sc="0" sl="11" ec="1" el="11" bec="0" bev="0" fileid="5" xmlns:p8="xsi" />
            </Method>
            <Method cyclomaticComplexity="1" nPathComplexity="0" sequenceCoverage="0" branchCoverage="100" isConstructor="True" isGetter="False" isSetter="False" isStatic="True">
              <Summary numSequencePoints="1" visitedSequencePoints="0" numBranchPoints="0" visitedBranchPoints="0" sequenceCoverage="0" branchCoverage="100" maxCyclomaticComplexity="1" minCyclomaticComplexity="1" visitedClasses="0" numClasses="0" visitedMethods="0" numMethods="1" />
              <MetadataToken />
              <Name>System.Void TripServiceKata.Exception.DependendClassCallDuringUnitTestException::.ctor(System.String)</Name>
              <FileRef uid="5" />
              <SequencePoints>
                <SequencePoint vc="0" uspid="13" ordinal="0" sl="13" sc="1" el="13" ec="2" bec="0" bev="0" fileid="5" />
              </SequencePoints>
              <BranchPoints />
              <MethodPoint vc="0" uspid="0" p8:type="SequencePoint" ordinal="2" offset="2" sc="0" sl="13" ec="1" el="13" bec="0" bev="0" fileid="5" xmlns:p8="xsi" />
            </Method>
            <Method cyclomaticComplexity="1" nPathComplexity="0" sequenceCoverage="0" branchCoverage="100" isConstructor="True" isGetter="False" isSetter="False" isStatic="True">
              <Summary numSequencePoints="1" visitedSequencePoints="0" numBranchPoints="0" visitedBranchPoints="0" sequenceCoverage="0" branchCoverage="100" maxCyclomaticComplexity="1" minCyclomaticComplexity="1" visitedClasses="0" numClasses="0" visitedMethods="0" numMethods="1" />
              <MetadataToken />
              <Name>System.Void TripServiceKata.Exception.DependendClassCallDuringUnitTestException::.ctor(System.Runtime.Serialization.SerializationInfo,System.Runtime.Serialization.StreamingContext)</Name>
              <FileRef uid="5" />
              <SequencePoints>
                <SequencePoint vc="0" uspid="15" ordinal="0" sl="15" sc="1" el="15" ec="2" bec="0" bev="0" fileid="5" />
              </SequencePoints>
              <BranchPoints />
              <MethodPoint vc="0" uspid="0" p8:type="SequencePoint" ordinal="3" offset="3" sc="0" sl="15" ec="1" el="15" bec="0" bev="0" fileid="5" xmlns:p8="xsi" />
            </Method>
          </Methods>
        </Class>
      </Classes>
    </Module>
  </Modules>
</CoverageSession>